==163== Memcheck, a memory error detector
==163== Copyright (C) 2002-2017, and GNU GPL'd, by Julian Seward et al.
==163== Using Valgrind-3.18.1 and LibVEX; rerun with -h for copyright info
==163== Command: /tmp/tmpr1o49k0n/student/zaj1Fraction/build//bin/tests
==163== 
Running main() from /tmp/tmpr1o49k0n/student/zaj1Fraction/tests/lib/googletest/src/gtest_main.cc
[==========] Running 12 tests from 1 test suite.
[----------] Global test environment set-up.
[----------] 12 tests from FractionTester
[ RUN      ] FractionTester.classFractionExists
[       OK ] FractionTester.classFractionExists (11 ms)
[ RUN      ] FractionTester.hasNumeratorAndDenominator
[       OK ] FractionTester.hasNumeratorAndDenominator (4 ms)
[ RUN      ] FractionTester.checkIfHasDefaultConstructor
[       OK ] FractionTester.checkIfHasDefaultConstructor (1 ms)
[ RUN      ] FractionTester.hasConstructorWhichInitialiseNumeratorAndDenominator
[       OK ] FractionTester.hasConstructorWhichInitialiseNumeratorAndDenominator (3 ms)
[ RUN      ] FractionTester.hasGettersAndSetters
[       OK ] FractionTester.hasGettersAndSetters (3 ms)
[ RUN      ] FractionTester.hasPrintFunction
[       OK ] FractionTester.hasPrintFunction (9 ms)
[ RUN      ] FractionTester.counterOfDestructedFractionsImplemented
[       OK ] FractionTester.counterOfDestructedFractionsImplemented (2 ms)
[ RUN      ] FractionTester.saveImplemented
/tmp/tmpr1o49k0n/student/zaj1Fraction/tests/fractionTests.cpp:160: Failure
Failed
No static function implemented
[  FAILED  ] FractionTester.saveImplemented (31 ms)
[ RUN      ] FractionTester.loadImplemented
/tmp/tmpr1o49k0n/student/zaj1Fraction/tests/fractionTests.cpp:179: Failure
Failed
No static function implemented
[  FAILED  ] FractionTester.loadImplemented (3 ms)
[ RUN      ] FractionTester.fractionNameSettableFromConstructor
/tmp/tmpr1o49k0n/student/zaj1Fraction/tests/fractionTests.cpp:197: Failure
Failed
Function name not implemented!
[  FAILED  ] FractionTester.fractionNameSettableFromConstructor (2 ms)
[ RUN      ] FractionTester.fractionGettersAreConst
/tmp/tmpr1o49k0n/student/zaj1Fraction/tests/fractionTests.cpp:215: Failure
Failed
Function name not implemented!
[  FAILED  ] FractionTester.fractionGettersAreConst (2 ms)
[ RUN      ] FractionTester.fractionConstStaticFieldsImplemented
/tmp/tmpr1o49k0n/student/zaj1Fraction/tests/fractionTests.cpp:228: Failure
Failed
No static function implemented
[  FAILED  ] FractionTester.fractionConstStaticFieldsImplemented (2 ms)
[----------] 12 tests from FractionTester (91 ms total)

[----------] Global test environment tear-down
[==========] 12 tests from 1 test suite ran. (138 ms total)
[  PASSED  ] 7 tests.
[  FAILED  ] 5 tests, listed below:
[  FAILED  ] FractionTester.saveImplemented
[  FAILED  ] FractionTester.loadImplemented
[  FAILED  ] FractionTester.fractionNameSettableFromConstructor
[  FAILED  ] FractionTester.fractionGettersAreConst
[  FAILED  ] FractionTester.fractionConstStaticFieldsImplemented

 5 FAILED TESTS
==163== 
==163== HEAP SUMMARY:
==163==     in use at exit: 0 bytes in 0 blocks
==163==   total heap usage: 467 allocs, 467 frees, 153,806 bytes allocated
==163== 
==163== All heap blocks were freed -- no leaks are possible
==163== 
==163== For lists of detected and suppressed errors, rerun with: -s
==163== ERROR SUMMARY: 0 errors from 0 contexts (suppressed: 0 from 0)
